commit b2c82b4 (origin/gh-pages, gh-pages)
Author: Zack Grossbart <zack@grossbart.com>
Date:   2014-09-17 15:10:50 -0400

    Added Steve Earle to Treme.

M	data.json

commit 8e7abf2 (HEAD, origin/master, origin/HEAD, master)
Author: Zack Grossbart <zack@grossbart.com>
Date:   2014-09-17 15:10:21 -0400

    Added Steve Earle to Treme.

M	data.json

commit 05ac04c
Author: Zack Grossbart <zack@grossbart.com>
Date:   2012-07-19 17:10:47 -0400

    Added the new typekit embed code.

M	index.html

commit 9945e34
Author: Zack Grossbart <zack@grossbart.com>
Date:   2012-07-19 17:10:15 -0400

    Added the new typekit embed code.

M	index.html

commit aa3950f
Author: Zack Grossbart <zack@grossbart.com>
Date:   2012-07-10 16:30:31 -0400

    Tweaked the link for the running version of the page.

M	README.md

commit 4af8a54
Author: Zack Grossbart <zack@grossbart.com>
Date:   2012-06-13 21:43:37 -0400

    Added Dominic Chianese to the graph.

M	data.json

commit e55e3ee
Author: Zack Grossbart <zack@grossbart.com>
Date:   2012-06-13 21:43:20 -0400

    Added Dominic Chianese to the graph.

M	data.json

commit 6bb2f44
Author: Zack Grossbart <zack@grossbart.com>
Date:   2011-11-12 22:40:07 -0500

    Added the link to the fastcodesign site.

M	index.html

commit 2d03a31
Author: Zack Grossbart <zack@grossbart.com>
Date:   2011-11-12 22:39:44 -0500

    Added the link to the fastcodesign site.

M	index.html

commit 9202839
Author: Zack Grossbart <zack@grossbart.com>
Date:   2011-10-16 09:04:35 -0400

    Added the Google analytics code to the header.

M	index.html

commit f2a1f86
Author: Zack Grossbart <zack@grossbart.com>
Date:   2011-10-16 09:04:22 -0400

    Added the Google analytics code to the header.

M	index.html

commit 339d448
Author: Zack Grossbart <zack@grossbart.com>
Date:   2011-10-12 06:44:57 -0400

    Added a few more connections noticed by Nath Pizzolatto.

M	data.json

commit 25cd38d
Author: Zack Grossbart <zack@grossbart.com>
Date:   2011-10-12 06:44:41 -0400

    Added a few more connections noticed by Nath Pizzolatto.

M	data.json

commit 6c77852
Author: Zack Grossbart <zack@grossbart.com>
Date:   2011-10-04 13:08:28 -0400

    Tweaked the column width of the column wrap for wider screens.

M	recycle.css

commit daed1b5
Author: Zack Grossbart <zack@grossbart.com>
Date:   2011-10-04 13:08:02 -0400

    Tweaked the column width of the column wrap for wider screens.

M	recycle.css

commit 9bcc199
Author: Zack Grossbart <zack@grossbart.com>
Date:   2011-10-04 06:46:20 -0400

    Added a new actor to the recycling list.

M	data.json
M	recycle.js

commit 7771551
Author: Zack Grossbart <zack@grossbart.com>
Date:   2011-10-04 06:45:21 -0400

    Added a new actor to the recycling list.

M	data.json
M	recycle.js

commit e2d7ce3
Author: Zack Grossbart <zack@grossbart.com>
Date:   2011-09-24 15:08:11 -0400

    Fixed the spelling of Edoardo Ballerini's name.

M	data.json

commit 76f6795
Author: Zack Grossbart <zack@grossbart.com>
Date:   2011-09-24 15:07:34 -0400

    Fixed the spelling of Edoardo Ballerini's name.

M	data.json

commit 4a2b520
Author: Zack Grossbart <zack@grossbart.com>
Date:   2011-08-29 14:30:27 -0400

    Changed the column width to avoid text overlapping the main graph.

M	recycle.css

commit 13703b8
Author: Zack Grossbart <zack@grossbart.com>
Date:   2011-08-29 14:30:02 -0400

    Changed the column width to avoid text overlapping the main graph.

M	recycle.css

commit 9617cda (origin/test)
Merge: 547c0db bfeb796
Author: Zack Grossbart <zack@grossbart.com>
Date:   2011-08-26 20:39:35 -0400

    Merge branch 'master' into test

commit 962d6ed
Author: Zack Grossbart <zack@grossbart.com>
Date:   2011-08-26 20:35:28 -0400

    Merged from master to gh-pages

M	index.html
M	recycle.js

commit bfeb796
Author: Zack Grossbart <zack@grossbart.com>
Date:   2011-08-26 20:18:07 -0400

    We are now removing on extra loop and drawing all dots properly when we do multiple selection.

M	recycle.js

commit 3515bdb
Author: Jonathan Puckey <me@jonathanpuckey.com>
Date:   2011-08-26 20:15:33 +0200

    Rewrite recycle.js a bit.

M	recycle.js

commit b15b674
Author: Jonathan Puckey <me@jonathanpuckey.com>
Date:   2011-08-26 18:11:50 +0200

    Include width already, to make the page render more nicely.

M	index.html

commit b056135
Author: Jonathan Puckey <me@jonathanpuckey.com>
Date:   2011-08-26 17:29:27 +0200

    Use correct way to redraw the view.

M	recycle.js

commit 3c87b53
Author: Jonathan Puckey <me@jonathanpuckey.com>
Date:   2011-08-26 17:25:55 +0200

    Fix redraw problem.

M	index.html
M	paper.js
M	recycle.js

commit 547c0db
Author: Zack Grossbart <zack@grossbart.com>
Date:   2011-08-23 17:13:17 -0400

    The page is now using different styling for links within the page and external links.

M	index.html
M	recycle.css

commit b768322
Author: Zack Grossbart <zack@grossbart.com>
Date:   2011-08-23 17:12:13 -0400

    The page is now using different styling for links within the page and external links.

M	index.html
M	recycle.css

commit bc997eb
Author: Zack Grossbart <zack@grossbart.com>
Date:   2011-08-23 11:42:08 -0400

    Added a new link showing two shows instead of just one.

M	index.html
M	recycle.js

commit 647c6d7
Author: Zack Grossbart <zack@grossbart.com>
Date:   2011-08-23 11:41:28 -0400

    Added a new link showing two shows instead of just one.

M	index.html
M	recycle.js

commit e0d548b
Author: Zack Grossbart <zack@grossbart.com>
Date:   2011-08-23 11:24:54 -0400

    We are now selecting all of the shows when you click an actor link.

M	recycle.js

commit 6a8ab49
Author: Zack Grossbart <zack@grossbart.com>
Date:   2011-08-23 07:50:05 -0400

    A little line editing.

M	index.html

commit a2a0e98
Author: Zack Grossbart <zack@grossbart.com>
Date:   2011-08-23 07:49:37 -0400

    A little line editing.

M	index.html

commit bfc2f25
Author: Zack Grossbart <zack@grossbart.com>
Date:   2011-08-23 07:19:01 -0400

    Fixed another couple of typos.

M	index.html

commit 03a062a
Author: Zack Grossbart <zack@grossbart.com>
Date:   2011-08-23 07:18:36 -0400

    Fixed another couple of typos.

M	index.html

commit 134435f
Author: Zack Grossbart <zack@grossbart.com>
Date:   2011-08-23 07:16:28 -0400

    Fixed a couple of typos.

M	index.html

commit be1ac3f
Author: Zack Grossbart <zack@grossbart.com>
Date:   2011-08-23 07:15:58 -0400

    Fixed a couple of typos.

M	index.html

commit 99fad04
Author: Zack Grossbart <zack@grossbart.com>
Date:   2011-08-23 07:11:18 -0400

    We are now showing text in columns and describing the graphic in much greater detail with links to show various highlights.

M	index.html
M	recycle.css
M	recycle.js

commit 34ade84
Author: Zack Grossbart <zack@grossbart.com>
Date:   2011-08-23 07:10:35 -0400

    We are now showing text in columns and describing the graphic in much greater detail with links to show various highlights.

M	index.html
M	recycle.css
M	recycle.js

commit c8cf44b
Author: Zack Grossbart <zack@grossbart.com>
Date:   2011-08-21 16:56:35 -0300

    Added a few links and fixed a typo in the read me.

M	README.md

commit c7ed6d9
Author: Zack Grossbart <zack@grossbart.com>
Date:   2011-08-21 07:59:51 -0400

    Made a number of typography tweaks, started using Typekit, and switched to FF Gothic.

M	index.html
M	recycle.css
M	recycle.js

commit 5ae889c
Author: Zack Grossbart <zack@grossbart.com>
Date:   2011-08-21 07:59:05 -0400

    Made a number of typography tweaks, started using Typekit, and switched to FF Gothic.

M	index.html
M	recycle.css
M	recycle.js

commit 91d72f4
Author: Zack Grossbart <zack@zack-grossbarts-macbook.local>
Date:   2011-08-20 20:49:07 -0400

    Fixed a typo in a name and set the fonts explicitly.

M	data.json
M	recycle.js

commit 0fbbbb6
Author: Zack Grossbart <zack@zack-grossbarts-macbook.local>
Date:   2011-08-20 20:42:10 -0400

    Fixed a small typo in the data and set fonts for the main image.

M	data.json
M	recycle.js

commit a41749e
Author: Zack Grossbart <zack@grossbart.com>
Date:   2011-08-20 17:32:49 -0400

    Removed a console log message.

M	index.html

commit 76ee893
Author: Zack Grossbart <zack@grossbart.com>
Date:   2011-08-20 17:32:17 -0400

    Removed a console log message.

M	index.html

commit 339d44c
Author: Zack Grossbart <zack@grossbart.com>
Date:   2011-08-20 17:30:24 -0400

    Added a message for when the browser doesn't support canvas.

M	index.html
M	recycle.css

commit 514e1a5
Author: Zack Grossbart <zack@grossbart.com>
Date:   2011-08-20 17:29:44 -0400

    Added a message for when the browser doesn't support canvas.

M	index.html
M	recycle.css

commit 35cbea2
Author: Zack Grossbart <zack@grossbart.com>
Date:   2011-08-20 17:13:03 -0400

    Changed the page title.

M	index.html

commit 091c290
Author: Zack Grossbart <zack@grossbart.com>
Date:   2011-08-20 17:12:29 -0400

    Changed the page title.

M	index.html

commit 1348408
Author: Zack Grossbart <zack@grossbart.com>
Date:   2011-08-20 17:09:54 -0400

    Made a few more spacing and styling tweaks and added my name to the bottom of the page.

M	index.html
M	recycle.css
M	recycle.js

commit 4d2e7da
Author: Zack Grossbart <zack@grossbart.com>
Date:   2011-08-20 17:08:33 -0400

    Made a few more spacing and styling tweaks and added my name to the bottom of the page.

M	index.html
M	recycle.css
M	recycle.js

commit c266e50
Author: Zack Grossbart <zack@grossbart.com>
Date:   2011-08-20 13:29:28 -0400

    Added a diacritical marks for Carnivale and Luis Guzman.

M	data.json

commit 490d980
Author: Zack Grossbart <zack@grossbart.com>
Date:   2011-08-20 13:28:49 -0400

    Added a diacritical marks for Carnivale and Luis Guzman.

M	data.json

commit 049da92
Author: Zack Grossbart <zack@grossbart.com>
Date:   2011-08-20 11:06:03 -0400

    We are now referencing all the JavaScript files locally.

D	index.htm
A	index.html

commit c229b87
Author: Zack Grossbart <zack@grossbart.com>
Date:   2011-08-20 11:03:44 -0400

    Copied over the latest version of the page.

A	data.json
M	index.html
A	paper.js

commit 1fda2dc
Author: Zack Grossbart <zack@grossbart.com>
Date:   2011-08-20 10:48:38 -0400

    Fixed a typo in the README file.

M	README.md
M	index.htm

commit 9e4ee14
Author: Zack Grossbart <zack@grossbart.com>
Date:   2011-08-20 08:02:44 -0400

    Added the latest changes to our page.

M	index.html
A	recycle.css
M	recycle.js

commit 1b451c4
Author: Zack Grossbart <zack@grossbart.com>
Date:   2011-08-20 07:58:45 -0400

    Added some more styling to the titles and paragraphs.

M	recycle.css

commit f2b69f6
Author: Zack Grossbart <zack@grossbart.com>
Date:   2011-08-20 07:54:34 -0400

    Changed the resize style of the canvas, tweaked the colors, and added a bunch more code comments.

M	index.htm
M	recycle.js

commit fde1f3b
Author: Zack Grossbart <zack@grossbart.com>
Date:   2011-08-19 22:01:37 -0400

    Filled out the README file.

M	README.md
M	index.htm

commit 0574026
Author: Zack Grossbart <zack@grossbart.com>
Date:   2011-08-19 21:52:48 -0400

    Added the newer version of the index file.

M	index.html
M	recycle.js

commit 6a6fb14
Author: Zack Grossbart <zack@grossbart.com>
Date:   2011-08-19 21:50:41 -0400

    Added a README file.

A	README.md

commit 8d1cfc3
Author: Zack Grossbart <zack@grossbart.com>
Date:   2011-08-19 21:45:44 -0400

    Removed underscore.js.

D	underscore.js

commit 4e6a569
Author: Zack Grossbart <zack@grossbart.com>
Date:   2011-08-19 21:45:30 -0400

    Added back the reference to underscore on the CDN.

M	index.htm

commit 2d442b6
Author: Zack Grossbart <zack@grossbart.com>
Date:   2011-08-19 21:43:38 -0400

    Tweaked the width of the canvas.

M	recycle.js

commit 4e2a08b
Author: Zack Grossbart <zack@grossbart.com>
Date:   2011-08-19 21:42:29 -0400

    Added back the text, removed the CSS, and made the canvas resizable

M	index.htm
M	recycle.css

commit 5d7e92c
Author: Zack Grossbart <zack@grossbart.com>
Date:   2011-08-19 21:33:46 -0400

    Renamed a few files.

M	index.htm
A	recycle.css
A	recycle.js
D	rel.css
D	rel.js
D	rp.js

commit 6e34c68
Author: Zack Grossbart <zack@grossbart.com>
Date:   2011-08-19 21:30:44 -0400

    Went back to the previous working version.

D	README.md
M	index.htm
D	recycle.css
D	recycle.js
A	rel.css
A	rel.js
A	rp.js
A	underscore.js

commit 86f4682
Author: Zack Grossbart <zack@grossbart.com>
Date:   2011-08-19 20:14:36 -0400

    Moved the recycle.js file to be local to avoid an SOP issue.

M	index.html
A	recycle.js

commit 655af50
Author: Zack Grossbart <zack@grossbart.com>
Date:   2011-08-19 20:11:37 -0400

    Added a GitHub ribbon.

M	index.html

commit 78dbe48
Author: Zack Grossbart <zack@grossbart.com>
Date:   2011-08-19 20:10:15 -0400

    Switched to the properly working index.html file.

M	index.html

commit 723189a
Author: Zack Grossbart <zack@grossbart.com>
Date:   2011-08-19 20:06:25 -0400

    Changed something

M	index.html

commit 5b6a4d6
Author: Zack Grossbart <zack@grossbart.com>
Date:   2011-08-19 16:44:21 -0700

    github generated gh-pages branch

A	index.html

commit 5586231
Author: Zack Grossbart <zack@grossbart.com>
Date:   2011-08-19 19:41:55 -0400

    This is the first GIT version of this application.

A	README.md
A	data.json
A	index.htm
A	paper.js
A	recycle.css
A	recycle.js
